<?xml version="1.0" encoding="UTF-8" ?>
<testsuites disabled="0" errors="0" failures="0" tests="2" time="0.613">
 <testsuite name="validate profile" timestamp="2021-11-16T20:23:10" hostname="localhost" time="0.613" errors="0" tests="2" skipped="0" disabled="0" failures="0">
  <testcase classname="validate profile" name="should update headline of current user" time="0.301" />
  <testcase classname="validate profile" name="should get headline of current user" time="0.31" />
 </testsuite>
</testsuites>