<?xml version="1.0" encoding="UTF-8" ?>
<testsuites disabled="0" errors="0" failures="0" tests="3" time="1.547">
 <testsuite name="validate auth" timestamp="2021-11-16T20:23:11" hostname="localhost" time="1.547" errors="0" tests="3" skipped="0" disabled="0" failures="0">
  <testcase classname="validate auth" name="should register correctly" time="1.219" />
  <testcase classname="validate auth" name="should login correctly" time="0.317" />
  <testcase classname="validate auth" name="should logout correctly" time="0.009" />
 </testsuite>
</testsuites>