<?xml version="1.0" encoding="UTF-8" ?>
<testsuites disabled="0" errors="0" failures="0" tests="3" time="1.364">
 <testsuite name="validate articles" timestamp="2021-11-16T20:23:09" hostname="localhost" time="1.364" errors="0" tests="3" skipped="0" disabled="0" failures="0">
  <testcase classname="validate articles" name="should fetch one articles of id" time="0.373" />
  <testcase classname="validate articles" name="should fetch all articles of current users" time="0.306" />
  <testcase classname="validate articles" name="should successfully add article" time="0.678" />
 </testsuite>
</testsuites>